<?xml version="1.0" encoding="UTF-8"?>
<testsuite xmlns:xsi="http://www.w3.org/2001/XMLSchema-instance" xsi:noNamespaceSchemaLocation="https://maven.apache.org/surefire/maven-surefire-plugin/xsd/surefire-test-report.xsd" name="com.liukun.test.TestDemo" time="8.2" tests="1" errors="0" skipped="0" failures="0">
  <properties>
    <property name="sun.desktop" value="windows"/>
    <property name="awt.toolkit" value="sun.awt.windows.WToolkit"/>
    <property name="file.encoding.pkg" value="sun.io"/>
    <property name="java.specification.version" value="1.8"/>
    <property name="sun.cpu.isalist" value="amd64"/>
    <property name="sun.jnu.encoding" value="GBK"/>
    <property name="java.class.path" value="C:\Users\刘坤\IdeaProjects\webone\target\test-classes;C:\Users\刘坤\IdeaProjects\webone\target\classes;D:\maven-jar\org\apache\tomcat\embed\tomcat-embed-jasper\8.5.34\tomcat-embed-jasper-8.5.34.jar;D:\maven-jar\org\apache\tomcat\embed\tomcat-embed-core\8.5.34\tomcat-embed-core-8.5.34.jar;D:\maven-jar\org\apache\tomcat\tomcat-annotations-api\8.5.34\tomcat-annotations-api-8.5.34.jar;D:\maven-jar\org\apache\tomcat\embed\tomcat-embed-el\8.5.34\tomcat-embed-el-8.5.34.jar;D:\maven-jar\org\eclipse\jdt\ecj\3.12.3\ecj-3.12.3.jar;D:\maven-jar\taglibs\standard\1.1.2\standard-1.1.2.jar;D:\maven-jar\javax\servlet\jstl\1.2\jstl-1.2.jar;D:\maven-jar\org\springframework\boot\spring-boot-starter-web\2.0.5.RELEASE\spring-boot-starter-web-2.0.5.RELEASE.jar;D:\maven-jar\org\springframework\boot\spring-boot-starter\2.0.5.RELEASE\spring-boot-starter-2.0.5.RELEASE.jar;D:\maven-jar\org\springframework\boot\spring-boot\2.0.5.RELEASE\spring-boot-2.0.5.RELEASE.jar;D:\maven-jar\org\springframework\boot\spring-boot-autoconfigure\2.0.5.RELEASE\spring-boot-autoconfigure-2.0.5.RELEASE.jar;D:\maven-jar\org\springframework\boot\spring-boot-starter-logging\2.0.5.RELEASE\spring-boot-starter-logging-2.0.5.RELEASE.jar;D:\maven-jar\ch\qos\logback\logback-classic\1.2.3\logback-classic-1.2.3.jar;D:\maven-jar\ch\qos\logback\logback-core\1.2.3\logback-core-1.2.3.jar;D:\maven-jar\org\apache\logging\log4j\log4j-to-slf4j\2.10.0\log4j-to-slf4j-2.10.0.jar;D:\maven-jar\org\apache\logging\log4j\log4j-api\2.10.0\log4j-api-2.10.0.jar;D:\maven-jar\org\slf4j\jul-to-slf4j\1.7.25\jul-to-slf4j-1.7.25.jar;D:\maven-jar\javax\annotation\javax.annotation-api\1.3.2\javax.annotation-api-1.3.2.jar;D:\maven-jar\org\yaml\snakeyaml\1.19\snakeyaml-1.19.jar;D:\maven-jar\org\springframework\boot\spring-boot-starter-json\2.0.5.RELEASE\spring-boot-starter-json-2.0.5.RELEASE.jar;D:\maven-jar\com\fasterxml\jackson\core\jackson-databind\2.9.6\jackson-databind-2.9.6.jar;D:\maven-jar\com\fasterxml\jackson\core\jackson-annotations\2.9.0\jackson-annotations-2.9.0.jar;D:\maven-jar\com\fasterxml\jackson\core\jackson-core\2.9.6\jackson-core-2.9.6.jar;D:\maven-jar\com\fasterxml\jackson\datatype\jackson-datatype-jdk8\2.9.6\jackson-datatype-jdk8-2.9.6.jar;D:\maven-jar\com\fasterxml\jackson\datatype\jackson-datatype-jsr310\2.9.6\jackson-datatype-jsr310-2.9.6.jar;D:\maven-jar\com\fasterxml\jackson\module\jackson-module-parameter-names\2.9.6\jackson-module-parameter-names-2.9.6.jar;D:\maven-jar\org\springframework\boot\spring-boot-starter-tomcat\2.0.5.RELEASE\spring-boot-starter-tomcat-2.0.5.RELEASE.jar;D:\maven-jar\org\apache\tomcat\embed\tomcat-embed-websocket\8.5.34\tomcat-embed-websocket-8.5.34.jar;D:\maven-jar\org\hibernate\validator\hibernate-validator\6.0.12.Final\hibernate-validator-6.0.12.Final.jar;D:\maven-jar\javax\validation\validation-api\2.0.1.Final\validation-api-2.0.1.Final.jar;D:\maven-jar\org\jboss\logging\jboss-logging\3.3.2.Final\jboss-logging-3.3.2.Final.jar;D:\maven-jar\org\springframework\spring-web\5.0.9.RELEASE\spring-web-5.0.9.RELEASE.jar;D:\maven-jar\org\springframework\spring-beans\5.0.9.RELEASE\spring-beans-5.0.9.RELEASE.jar;D:\maven-jar\org\springframework\spring-webmvc\5.0.9.RELEASE\spring-webmvc-5.0.9.RELEASE.jar;D:\maven-jar\org\springframework\spring-aop\5.0.9.RELEASE\spring-aop-5.0.9.RELEASE.jar;D:\maven-jar\org\springframework\spring-context\5.0.9.RELEASE\spring-context-5.0.9.RELEASE.jar;D:\maven-jar\org\springframework\spring-expression\5.0.9.RELEASE\spring-expression-5.0.9.RELEASE.jar;D:\maven-jar\org\springframework\boot\spring-boot-starter-jdbc\2.0.5.RELEASE\spring-boot-starter-jdbc-2.0.5.RELEASE.jar;D:\maven-jar\com\zaxxer\HikariCP\2.7.9\HikariCP-2.7.9.jar;D:\maven-jar\org\springframework\spring-jdbc\5.0.9.RELEASE\spring-jdbc-5.0.9.RELEASE.jar;D:\maven-jar\org\springframework\spring-tx\5.0.9.RELEASE\spring-tx-5.0.9.RELEASE.jar;D:\maven-jar\org\mybatis\spring\boot\mybatis-spring-boot-starter\1.3.1\mybatis-spring-boot-starter-1.3.1.jar;D:\maven-jar\org\mybatis\spring\boot\mybatis-spring-boot-autoconfigure\1.3.1\mybatis-spring-boot-autoconfigure-1.3.1.jar;D:\maven-jar\org\mybatis\mybatis\3.4.5\mybatis-3.4.5.jar;D:\maven-jar\org\mybatis\mybatis-spring\1.3.1\mybatis-spring-1.3.1.jar;D:\maven-jar\mysql\mysql-connector-java\5.1.47\mysql-connector-java-5.1.47.jar;D:\maven-jar\com\alibaba\fastjson\1.1.43\fastjson-1.1.43.jar;D:\maven-jar\org\springframework\boot\spring-boot-starter-test\2.0.5.RELEASE\spring-boot-starter-test-2.0.5.RELEASE.jar;D:\maven-jar\org\springframework\boot\spring-boot-test\2.0.5.RELEASE\spring-boot-test-2.0.5.RELEASE.jar;D:\maven-jar\org\springframework\boot\spring-boot-test-autoconfigure\2.0.5.RELEASE\spring-boot-test-autoconfigure-2.0.5.RELEASE.jar;D:\maven-jar\com\jayway\jsonpath\json-path\2.4.0\json-path-2.4.0.jar;D:\maven-jar\net\minidev\json-smart\2.3\json-smart-2.3.jar;D:\maven-jar\net\minidev\accessors-smart\1.2\accessors-smart-1.2.jar;D:\maven-jar\org\ow2\asm\asm\5.0.4\asm-5.0.4.jar;D:\maven-jar\junit\junit\4.12\junit-4.12.jar;D:\maven-jar\org\assertj\assertj-core\3.9.1\assertj-core-3.9.1.jar;D:\maven-jar\org\mockito\mockito-core\2.15.0\mockito-core-2.15.0.jar;D:\maven-jar\net\bytebuddy\byte-buddy\1.7.11\byte-buddy-1.7.11.jar;D:\maven-jar\net\bytebuddy\byte-buddy-agent\1.7.11\byte-buddy-agent-1.7.11.jar;D:\maven-jar\org\objenesis\objenesis\2.6\objenesis-2.6.jar;D:\maven-jar\org\hamcrest\hamcrest-core\1.3\hamcrest-core-1.3.jar;D:\maven-jar\org\hamcrest\hamcrest-library\1.3\hamcrest-library-1.3.jar;D:\maven-jar\org\skyscreamer\jsonassert\1.5.0\jsonassert-1.5.0.jar;D:\maven-jar\com\vaadin\external\google\android-json\0.0.20131108.vaadin1\android-json-0.0.20131108.vaadin1.jar;D:\maven-jar\org\springframework\spring-core\5.0.9.RELEASE\spring-core-5.0.9.RELEASE.jar;D:\maven-jar\org\springframework\spring-jcl\5.0.9.RELEASE\spring-jcl-5.0.9.RELEASE.jar;D:\maven-jar\org\springframework\spring-test\5.0.9.RELEASE\spring-test-5.0.9.RELEASE.jar;D:\maven-jar\org\xmlunit\xmlunit-core\2.5.1\xmlunit-core-2.5.1.jar;D:\maven-jar\log4j\log4j\1.2.17\log4j-1.2.17.jar;D:\maven-jar\com\mangofactory\swagger-springmvc\0.9.5\swagger-springmvc-0.9.5.jar;D:\maven-jar\com\wordnik\swagger-annotations\1.3.11\swagger-annotations-1.3.11.jar;D:\maven-jar\com\google\guava\guava\15.0\guava-15.0.jar;D:\maven-jar\com\fasterxml\classmate\1.3.4\classmate-1.3.4.jar;D:\maven-jar\org\slf4j\slf4j-api\1.7.25\slf4j-api-1.7.25.jar;D:\maven-jar\joda-time\joda-time\2.9.9\joda-time-2.9.9.jar;D:\maven-jar\com\mangofactory\swagger-models\0.9.5\swagger-models-0.9.5.jar;"/>
    <property name="java.vm.vendor" value="Oracle Corporation"/>
    <property name="sun.arch.data.model" value="64"/>
    <property name="user.variant" value=""/>
    <property name="java.vendor.url" value="http://java.oracle.com/"/>
    <property name="user.timezone" value=""/>
    <property name="java.vm.specification.version" value="1.8"/>
    <property name="os.name" value="Windows 8.1"/>
    <property name="user.country" value="CN"/>
    <property name="sun.java.launcher" value="SUN_STANDARD"/>
    <property name="sun.boot.library.path" value="C:\Program Files\Java\jdk1.8.0_77\jre\bin"/>
    <property name="sun.java.command" value="C:\Users\刘坤\AppData\Local\Temp\surefire2748711813770297048\surefirebooter5338835165465468370.jar C:\Users\刘坤\AppData\Local\Temp\surefire2748711813770297048 2018-10-05T21-39-48_172-jvmRun1 surefire2367864337970149238tmp surefire_08452574551059273999tmp"/>
    <property name="surefire.test.class.path" value="C:\Users\刘坤\IdeaProjects\webone\target\test-classes;C:\Users\刘坤\IdeaProjects\webone\target\classes;D:\maven-jar\org\apache\tomcat\embed\tomcat-embed-jasper\8.5.34\tomcat-embed-jasper-8.5.34.jar;D:\maven-jar\org\apache\tomcat\embed\tomcat-embed-core\8.5.34\tomcat-embed-core-8.5.34.jar;D:\maven-jar\org\apache\tomcat\tomcat-annotations-api\8.5.34\tomcat-annotations-api-8.5.34.jar;D:\maven-jar\org\apache\tomcat\embed\tomcat-embed-el\8.5.34\tomcat-embed-el-8.5.34.jar;D:\maven-jar\org\eclipse\jdt\ecj\3.12.3\ecj-3.12.3.jar;D:\maven-jar\taglibs\standard\1.1.2\standard-1.1.2.jar;D:\maven-jar\javax\servlet\jstl\1.2\jstl-1.2.jar;D:\maven-jar\org\springframework\boot\spring-boot-starter-web\2.0.5.RELEASE\spring-boot-starter-web-2.0.5.RELEASE.jar;D:\maven-jar\org\springframework\boot\spring-boot-starter\2.0.5.RELEASE\spring-boot-starter-2.0.5.RELEASE.jar;D:\maven-jar\org\springframework\boot\spring-boot\2.0.5.RELEASE\spring-boot-2.0.5.RELEASE.jar;D:\maven-jar\org\springframework\boot\spring-boot-autoconfigure\2.0.5.RELEASE\spring-boot-autoconfigure-2.0.5.RELEASE.jar;D:\maven-jar\org\springframework\boot\spring-boot-starter-logging\2.0.5.RELEASE\spring-boot-starter-logging-2.0.5.RELEASE.jar;D:\maven-jar\ch\qos\logback\logback-classic\1.2.3\logback-classic-1.2.3.jar;D:\maven-jar\ch\qos\logback\logback-core\1.2.3\logback-core-1.2.3.jar;D:\maven-jar\org\apache\logging\log4j\log4j-to-slf4j\2.10.0\log4j-to-slf4j-2.10.0.jar;D:\maven-jar\org\apache\logging\log4j\log4j-api\2.10.0\log4j-api-2.10.0.jar;D:\maven-jar\org\slf4j\jul-to-slf4j\1.7.25\jul-to-slf4j-1.7.25.jar;D:\maven-jar\javax\annotation\javax.annotation-api\1.3.2\javax.annotation-api-1.3.2.jar;D:\maven-jar\org\yaml\snakeyaml\1.19\snakeyaml-1.19.jar;D:\maven-jar\org\springframework\boot\spring-boot-starter-json\2.0.5.RELEASE\spring-boot-starter-json-2.0.5.RELEASE.jar;D:\maven-jar\com\fasterxml\jackson\core\jackson-databind\2.9.6\jackson-databind-2.9.6.jar;D:\maven-jar\com\fasterxml\jackson\core\jackson-annotations\2.9.0\jackson-annotations-2.9.0.jar;D:\maven-jar\com\fasterxml\jackson\core\jackson-core\2.9.6\jackson-core-2.9.6.jar;D:\maven-jar\com\fasterxml\jackson\datatype\jackson-datatype-jdk8\2.9.6\jackson-datatype-jdk8-2.9.6.jar;D:\maven-jar\com\fasterxml\jackson\datatype\jackson-datatype-jsr310\2.9.6\jackson-datatype-jsr310-2.9.6.jar;D:\maven-jar\com\fasterxml\jackson\module\jackson-module-parameter-names\2.9.6\jackson-module-parameter-names-2.9.6.jar;D:\maven-jar\org\springframework\boot\spring-boot-starter-tomcat\2.0.5.RELEASE\spring-boot-starter-tomcat-2.0.5.RELEASE.jar;D:\maven-jar\org\apache\tomcat\embed\tomcat-embed-websocket\8.5.34\tomcat-embed-websocket-8.5.34.jar;D:\maven-jar\org\hibernate\validator\hibernate-validator\6.0.12.Final\hibernate-validator-6.0.12.Final.jar;D:\maven-jar\javax\validation\validation-api\2.0.1.Final\validation-api-2.0.1.Final.jar;D:\maven-jar\org\jboss\logging\jboss-logging\3.3.2.Final\jboss-logging-3.3.2.Final.jar;D:\maven-jar\org\springframework\spring-web\5.0.9.RELEASE\spring-web-5.0.9.RELEASE.jar;D:\maven-jar\org\springframework\spring-beans\5.0.9.RELEASE\spring-beans-5.0.9.RELEASE.jar;D:\maven-jar\org\springframework\spring-webmvc\5.0.9.RELEASE\spring-webmvc-5.0.9.RELEASE.jar;D:\maven-jar\org\springframework\spring-aop\5.0.9.RELEASE\spring-aop-5.0.9.RELEASE.jar;D:\maven-jar\org\springframework\spring-context\5.0.9.RELEASE\spring-context-5.0.9.RELEASE.jar;D:\maven-jar\org\springframework\spring-expression\5.0.9.RELEASE\spring-expression-5.0.9.RELEASE.jar;D:\maven-jar\org\springframework\boot\spring-boot-starter-jdbc\2.0.5.RELEASE\spring-boot-starter-jdbc-2.0.5.RELEASE.jar;D:\maven-jar\com\zaxxer\HikariCP\2.7.9\HikariCP-2.7.9.jar;D:\maven-jar\org\springframework\spring-jdbc\5.0.9.RELEASE\spring-jdbc-5.0.9.RELEASE.jar;D:\maven-jar\org\springframework\spring-tx\5.0.9.RELEASE\spring-tx-5.0.9.RELEASE.jar;D:\maven-jar\org\mybatis\spring\boot\mybatis-spring-boot-starter\1.3.1\mybatis-spring-boot-starter-1.3.1.jar;D:\maven-jar\org\mybatis\spring\boot\mybatis-spring-boot-autoconfigure\1.3.1\mybatis-spring-boot-autoconfigure-1.3.1.jar;D:\maven-jar\org\mybatis\mybatis\3.4.5\mybatis-3.4.5.jar;D:\maven-jar\org\mybatis\mybatis-spring\1.3.1\mybatis-spring-1.3.1.jar;D:\maven-jar\mysql\mysql-connector-java\5.1.47\mysql-connector-java-5.1.47.jar;D:\maven-jar\com\alibaba\fastjson\1.1.43\fastjson-1.1.43.jar;D:\maven-jar\org\springframework\boot\spring-boot-starter-test\2.0.5.RELEASE\spring-boot-starter-test-2.0.5.RELEASE.jar;D:\maven-jar\org\springframework\boot\spring-boot-test\2.0.5.RELEASE\spring-boot-test-2.0.5.RELEASE.jar;D:\maven-jar\org\springframework\boot\spring-boot-test-autoconfigure\2.0.5.RELEASE\spring-boot-test-autoconfigure-2.0.5.RELEASE.jar;D:\maven-jar\com\jayway\jsonpath\json-path\2.4.0\json-path-2.4.0.jar;D:\maven-jar\net\minidev\json-smart\2.3\json-smart-2.3.jar;D:\maven-jar\net\minidev\accessors-smart\1.2\accessors-smart-1.2.jar;D:\maven-jar\org\ow2\asm\asm\5.0.4\asm-5.0.4.jar;D:\maven-jar\junit\junit\4.12\junit-4.12.jar;D:\maven-jar\org\assertj\assertj-core\3.9.1\assertj-core-3.9.1.jar;D:\maven-jar\org\mockito\mockito-core\2.15.0\mockito-core-2.15.0.jar;D:\maven-jar\net\bytebuddy\byte-buddy\1.7.11\byte-buddy-1.7.11.jar;D:\maven-jar\net\bytebuddy\byte-buddy-agent\1.7.11\byte-buddy-agent-1.7.11.jar;D:\maven-jar\org\objenesis\objenesis\2.6\objenesis-2.6.jar;D:\maven-jar\org\hamcrest\hamcrest-core\1.3\hamcrest-core-1.3.jar;D:\maven-jar\org\hamcrest\hamcrest-library\1.3\hamcrest-library-1.3.jar;D:\maven-jar\org\skyscreamer\jsonassert\1.5.0\jsonassert-1.5.0.jar;D:\maven-jar\com\vaadin\external\google\android-json\0.0.20131108.vaadin1\android-json-0.0.20131108.vaadin1.jar;D:\maven-jar\org\springframework\spring-core\5.0.9.RELEASE\spring-core-5.0.9.RELEASE.jar;D:\maven-jar\org\springframework\spring-jcl\5.0.9.RELEASE\spring-jcl-5.0.9.RELEASE.jar;D:\maven-jar\org\springframework\spring-test\5.0.9.RELEASE\spring-test-5.0.9.RELEASE.jar;D:\maven-jar\org\xmlunit\xmlunit-core\2.5.1\xmlunit-core-2.5.1.jar;D:\maven-jar\log4j\log4j\1.2.17\log4j-1.2.17.jar;D:\maven-jar\com\mangofactory\swagger-springmvc\0.9.5\swagger-springmvc-0.9.5.jar;D:\maven-jar\com\wordnik\swagger-annotations\1.3.11\swagger-annotations-1.3.11.jar;D:\maven-jar\com\google\guava\guava\15.0\guava-15.0.jar;D:\maven-jar\com\fasterxml\classmate\1.3.4\classmate-1.3.4.jar;D:\maven-jar\org\slf4j\slf4j-api\1.7.25\slf4j-api-1.7.25.jar;D:\maven-jar\joda-time\joda-time\2.9.9\joda-time-2.9.9.jar;D:\maven-jar\com\mangofactory\swagger-models\0.9.5\swagger-models-0.9.5.jar;"/>
    <property name="sun.cpu.endian" value="little"/>
    <property name="user.home" value="C:\Users\刘坤"/>
    <property name="user.language" value="zh"/>
    <property name="java.specification.vendor" value="Oracle Corporation"/>
    <property name="java.home" value="C:\Program Files\Java\jdk1.8.0_77\jre"/>
    <property name="basedir" value="C:\Users\刘坤\IdeaProjects\webone"/>
    <property name="file.separator" value="\"/>
    <property name="line.separator" value="&#10;"/>
    <property name="java.vm.specification.vendor" value="Oracle Corporation"/>
    <property name="java.specification.name" value="Java Platform API Specification"/>
    <property name="java.awt.graphicsenv" value="sun.awt.Win32GraphicsEnvironment"/>
    <property name="surefire.real.class.path" value="C:\Users\刘坤\AppData\Local\Temp\surefire2748711813770297048\surefirebooter5338835165465468370.jar"/>
    <property name="sun.boot.class.path" value="C:\Program Files\Java\jdk1.8.0_77\jre\lib\resources.jar;C:\Program Files\Java\jdk1.8.0_77\jre\lib\rt.jar;C:\Program Files\Java\jdk1.8.0_77\jre\lib\sunrsasign.jar;C:\Program Files\Java\jdk1.8.0_77\jre\lib\jsse.jar;C:\Program Files\Java\jdk1.8.0_77\jre\lib\jce.jar;C:\Program Files\Java\jdk1.8.0_77\jre\lib\charsets.jar;C:\Program Files\Java\jdk1.8.0_77\jre\lib\jfr.jar;C:\Program Files\Java\jdk1.8.0_77\jre\classes"/>
    <property name="user.script" value=""/>
    <property name="sun.management.compiler" value="HotSpot 64-Bit Tiered Compilers"/>
    <property name="java.runtime.version" value="1.8.0_77-b03"/>
    <property name="user.name" value="刘坤"/>
    <property name="path.separator" value=";"/>
    <property name="os.version" value="6.3"/>
    <property name="java.endorsed.dirs" value="C:\Program Files\Java\jdk1.8.0_77\jre\lib\endorsed"/>
    <property name="java.runtime.name" value="Java(TM) SE Runtime Environment"/>
    <property name="file.encoding" value="GBK"/>
    <property name="java.vm.name" value="Java HotSpot(TM) 64-Bit Server VM"/>
    <property name="localRepository" value="D:\maven-jar"/>
    <property name="java.vendor.url.bug" value="http://bugreport.sun.com/bugreport/"/>
    <property name="java.io.tmpdir" value="C:\Users\刘坤\AppData\Local\Temp\"/>
    <property name="idea.version" value="2018.2.3"/>
    <property name="java.version" value="1.8.0_77"/>
    <property name="user.dir" value="C:\Users\刘坤\IdeaProjects\webone"/>
    <property name="os.arch" value="amd64"/>
    <property name="java.vm.specification.name" value="Java Virtual Machine Specification"/>
    <property name="java.awt.printerjob" value="sun.awt.windows.WPrinterJob"/>
    <property name="sun.os.patch.level" value=""/>
    <property name="java.library.path" value="C:\Program Files\Java\jdk1.8.0_77\jre\bin;C:\Windows\Sun\Java\bin;C:\Windows\system32;C:\Windows;D:\RabbitMQ\rabbitmq_server-3.7.7\sbin;D:\RabbitMQ\erl10.0.1\bin;D:\电视剧\apache-maven-3.5.4-bin\apache-maven-3.5.4\bin;C:\Program Files (x86)\decomp\jad.exe;D:\Redis-x64-3.2.100;C:\Program Files\Java\jdk1.8.0_77\bin;C:\Program Files\Java\jdk1.8.0_77\jre\bin;D:\mysql-5.6.24-winx64\bin;D:\python\Scripts\;D:\python\;C:\Python31\;C:\Python31\;C:\ProgramData\Microsoft\Windows\Start Menu\Programs\;C:\ProgramData\Microsoft\Windows\Start Menu\Programs\Python 2.7\;W:\javawork;I:\java程序;D;\iTudou;C:\Program Files\Java\jdk1.8.0_77\bin;C:\Program Files\Java\jdk1.8.0_77;C:\ProgramData\Oracle\Java\javapath;C:\Program Files\Broadcom\Broadcom 802.11 Network Adapter;C:\Program Files (x86)\NVIDIA Corporation\PhysX\Common;C:\Program Files (x86)\Intel\iCLS Client\;C:\Program Files\Intel\iCLS Client\;C:\Windows\system32;C:\Windows;C:\Windows\System32\Wbem;C:\Windows\System32\WindowsPowerShell\v1.0\;C:\Program Files (x86)\Acer\abFiles\;C:\Program Files\Intel\Intel(R) Management Engine Components\DAL;C:\Program Files\Intel\Intel(R) Management Engine Components\IPT;C:\Program Files (x86)\Intel\Intel(R) Management Engine Components\DAL;C:\Program Files (x86)\Intel\Intel(R) Management Engine Components\IPT;C:\Program Files\WIDCOMM\Bluetooth Software\;C:\Program Files\WIDCOMM\Bluetooth Software\syswow646666;C:\Program Files\MySQL\MySQL Server 5.5\bin;D:\Git\cmd;C:\modeltech_10.1a\win32;."/>
    <property name="java.vm.info" value="mixed mode"/>
    <property name="java.vendor" value="Oracle Corporation"/>
    <property name="java.vm.version" value="25.77-b03"/>
    <property name="java.ext.dirs" value="C:\Program Files\Java\jdk1.8.0_77\jre\lib\ext;C:\Windows\Sun\Java\lib\ext"/>
    <property name="sun.io.unicode.encoding" value="UnicodeLittle"/>
    <property name="java.class.version" value="52.0"/>
  </properties>
  <testcase name="fun" classname="com.liukun.test.TestDemo" time="0.711"/>
</testsuite>